<?xml version="1.0" encoding="UTF-8"?>
<!-- Generated by org.testng.reporters.JUnitReportReporter -->
<testsuite hostname="DESKTOP-OSG43F4" failures="0" tests="3" name="testcases.SauceDemoLoginTestClass" time="7.821" errors="0" timestamp="2022-06-07T14:05:43 SGT" skipped="0">
  <testcase classname="testcases.SauceDemoLoginTestClass" name="ExcelDataTest" time="3.476"/>
  <system-out/>
  <testcase classname="testcases.SauceDemoLoginTestClass" name="parameterizedTest" time="2.159"/>
  <system-out/>
  <testcase classname="testcases.SauceDemoLoginTestClass" name="LoginFailureTest" time="2.186"/>
  <system-out/>
</testsuite> <!-- testcases.SauceDemoLoginTestClass -->
