<?xml version="1.0" encoding="UTF-8"?>
<!-- Generated by org.testng.reporters.JUnitReportReporter -->
<testsuite skipped="0" hostname="DESKTOP-OSG43F4" name="testcases.SauceDemoLoginTestClass" tests="3" failures="0" timestamp="2022-06-07T14:07:31 SGT" time="10.100" errors="0">
  <testcase name="parameterizedTest" time="3.927" classname="testcases.SauceDemoLoginTestClass"/>
  <system-out/>
  <testcase name="ExcelDataTest" time="2.971" classname="testcases.SauceDemoLoginTestClass"/>
  <system-out/>
  <testcase name="LoginFailureTest" time="3.202" classname="testcases.SauceDemoLoginTestClass"/>
  <system-out/>
</testsuite> <!-- testcases.SauceDemoLoginTestClass -->
